C51 COMPILER V9.59.0.0   INITDEVICESIMULATION                                              12/22/2018 00:24:04 PAGE 1   


C51 COMPILER V9.59.0.0, COMPILATION OF MODULE INITDEVICESIMULATION
OBJECT MODULE PLACED IN .\Objects\InitDeviceSimulation.obj
COMPILER INVOKED BY: C:\Keil_v5\C51\BIN\C51.EXE MainApp\InitDeviceSimulation.c COMPACT OPTIMIZE(8,SPEED) REGFILE(.\Objec
                    -ts\dwLaser_F020.ORC) BROWSE ORDER INCDIR(.\Lib;.\Driver;.\MainApp;.\Modbus) DEFINE(C8051F020) DEBUG OBJECTEXTEND PRINT(.
                    -\Listings\InitDeviceSimulation.lst) PREPRINT(.\Listings\InitDeviceSimulation.i) OBJECT(.\Objects\InitDeviceSimulation.ob
                    -j)

line level    source

   1          /////////////////////////////////////
   2          //  Generated Initialization File  //
   3          /////////////////////////////////////
   4          
   5          #include "compiler_defs.h"
   6          #include "C8051F020_defs.h"
   7          
   8          // Peripheral specific initialization functions,
   9          // Called from the Init_Device() function
  10          void Reset_Sources_Init()
  11          {
  12   1          WDTCN     = 0xDE;
  13   1          WDTCN     = 0xAD;
  14   1      }
  15          
  16          void Timer_Init()
  17          {
  18   1          CKCON     = 0x30;
  19   1          TMOD      = 0x20;
  20   1          TH1       = 0xB8;
  21   1          T2CON     = 0x34;
  22   1          RCAP2L    = 0xB8;
  23   1          RCAP2H    = 0xFF;
  24   1      }
  25          
  26          void UART_Init()
  27          {
  28   1          SCON0     = 0x50;
  29   1      }
  30          
  31          void DAC_Init()
  32          {
  33   1          DAC0CN    = 0x80;
  34   1      }
  35          
  36          void Voltage_Reference_Init()
  37          {
  38   1          REF0CN    = 0x07;
  39   1      }
  40          
  41          void Port_IO_Init()
  42          {
  43   1          // P0.0  -  TX0 (UART0), Push-Pull,  Digital
  44   1          // P0.1  -  RX0 (UART0), Open-Drain, Digital
  45   1          // P0.2  -  Unassigned,  Open-Drain, Digital
  46   1          // P0.3  -  Unassigned,  Open-Drain, Digital
  47   1          // P0.4  -  Unassigned,  Open-Drain, Digital
  48   1          // P0.5  -  Unassigned,  Open-Drain, Digital
  49   1          // P0.6  -  Unassigned,  Open-Drain, Digital
  50   1          // P0.7  -  Unassigned,  Open-Drain, Digital
  51   1      
  52   1          // P1.0  -  Unassigned,  Open-Drain, Digital
C51 COMPILER V9.59.0.0   INITDEVICESIMULATION                                              12/22/2018 00:24:04 PAGE 2   

  53   1          // P1.1  -  Unassigned,  Open-Drain, Digital
  54   1          // P1.2  -  Unassigned,  Open-Drain, Digital
  55   1          // P1.3  -  Unassigned,  Open-Drain, Digital
  56   1          // P1.4  -  Unassigned,  Open-Drain, Digital
  57   1          // P1.5  -  Unassigned,  Open-Drain, Digital
  58   1          // P1.6  -  Unassigned,  Open-Drain, Digital
  59   1          // P1.7  -  Unassigned,  Open-Drain, Digital
  60   1      
  61   1          // P2.0  -  Unassigned,  Open-Drain, Digital
  62   1          // P2.1  -  Unassigned,  Open-Drain, Digital
  63   1          // P2.2  -  Unassigned,  Open-Drain, Digital
  64   1          // P2.3  -  Unassigned,  Open-Drain, Digital
  65   1          // P2.4  -  Unassigned,  Open-Drain, Digital
  66   1          // P2.5  -  Unassigned,  Open-Drain, Digital
  67   1          // P2.6  -  Unassigned,  Open-Drain, Digital
  68   1          // P2.7  -  Unassigned,  Open-Drain, Digital
  69   1      
  70   1          // P3.0  -  Unassigned,  Open-Drain, Digital
  71   1          // P3.1  -  Unassigned,  Open-Drain, Digital
  72   1          // P3.2  -  Unassigned,  Open-Drain, Digital
  73   1          // P3.3  -  Unassigned,  Open-Drain, Digital
  74   1          // P3.4  -  Unassigned,  Open-Drain, Digital
  75   1          // P3.5  -  Unassigned,  Open-Drain, Digital
  76   1          // P3.6  -  Unassigned,  Open-Drain, Digital
  77   1          // P3.7  -  Unassigned,  Open-Drain, Digital
  78   1      
  79   1          P0MDOUT   = 0x01;
  80   1          XBR0      = 0x04;
  81   1          XBR2      = 0x40;
  82   1      }
  83          
  84          void Oscillator_Init()
  85          {
  86   1          int i = 0;
  87   1          OSCXCN    = 0x67;
  88   1          for (i = 0; i < 3000; i++);  // Wait 1ms for initialization
  89   1          while ((OSCXCN & 0x80) == 0);
  90   1          OSCICN    = 0x0F;
  91   1      }
  92          
  93          void Interrupts_Init()
  94          {
  95   1          IE        = 0x90;
  96   1      }
  97          
  98          // Initialization function for device,
  99          // Call Init_Device() from your main program
 100          void Init_Device(void)
 101          {
 102   1          Reset_Sources_Init();
 103   1          Timer_Init();
 104   1          UART_Init();
 105   1          DAC_Init();
 106   1          Voltage_Reference_Init();
 107   1          Port_IO_Init();
 108   1          Oscillator_Init();
 109   1          Interrupts_Init();
 110   1      }


MODULE INFORMATION:   STATIC OVERLAYABLE
   CODE SIZE        =    103    ----
C51 COMPILER V9.59.0.0   INITDEVICESIMULATION                                              12/22/2018 00:24:04 PAGE 3   

   CONSTANT SIZE    =   ----    ----
   XDATA SIZE       =   ----    ----
   PDATA SIZE       =   ----    ----
   DATA SIZE        =   ----    ----
   IDATA SIZE       =   ----    ----
   BIT SIZE         =   ----    ----
END OF MODULE INFORMATION.


C51 COMPILATION COMPLETE.  0 WARNING(S),  0 ERROR(S)
