C51 COMPILER V9.59.0.0   INITDEVICE                                                        12/18/2018 21:40:55 PAGE 1   


C51 COMPILER V9.59.0.0, COMPILATION OF MODULE INITDEVICE
OBJECT MODULE PLACED IN .\Objects\InitDevice.obj
COMPILER INVOKED BY: C:\Keil_v5\C51\BIN\C51.EXE MainApp\InitDevice.c OPTIMIZE(8,SPEED) REGFILE(.\Objects\dwLaser_F020.OR
                    -C) BROWSE ORDER INCDIR(.\Lib;.\Driver;.\MainApp;.\Modbus) DEFINE(C8051F020) DEBUG OBJECTEXTEND PRINT(.\Listings\InitDevi
                    -ce.lst) OBJECT(.\Objects\InitDevice.obj)

line level    source

   1          /////////////////////////////////////
   2          //  Generated Initialization File  //
   3          /////////////////////////////////////
   4          
   5          #include "compiler_defs.h"
   6          #include "C8051F340_defs.h"
   7          
   8          // Peripheral specific initialization functions,
   9          // Called from the Init_Device() function
  10          void PCA_Init()
  11          {
  12   1          PCA0MD    &= ~0x40;
  13   1          PCA0MD    = 0x00;
  14   1      }
  15          
  16          void Timer_Init()
  17          {
  18   1          TCON      = 0x40;
  19   1          TMOD      = 0x20;
  20   1          TH1       = 0x30;
  21   1      }
  22          
  23          void UART_Init()
  24          {
  25   1          SCON0     = 0x10;
  26   1      }
  27          
  28          void Voltage_Reference_Init()
  29          {
  30   1          REF0CN    = 0x07;
  31   1      }
  32          
  33          void Port_IO_Init()
  34          {
  35   1          // P0.0  -  Unassigned,  Open-Drain, Digital
  36   1          // P0.1  -  Unassigned,  Open-Drain, Digital
  37   1          // P0.2  -  Unassigned,  Open-Drain, Digital
  38   1          // P0.3  -  Unassigned,  Open-Drain, Digital
  39   1          // P0.4  -  TX0 (UART0), Push-Pull,  Digital
  40   1          // P0.5  -  RX0 (UART0), Open-Drain, Digital
  41   1          // P0.6  -  Unassigned,  Open-Drain, Digital
  42   1          // P0.7  -  Unassigned,  Open-Drain, Digital
  43   1      
  44   1          // P1.0  -  Unassigned,  Open-Drain, Digital
  45   1          // P1.1  -  Unassigned,  Open-Drain, Digital
  46   1          // P1.2  -  Unassigned,  Open-Drain, Digital
  47   1          // P1.3  -  Unassigned,  Open-Drain, Digital
  48   1          // P1.4  -  Unassigned,  Open-Drain, Digital
  49   1          // P1.5  -  Unassigned,  Open-Drain, Digital
  50   1          // P1.6  -  Unassigned,  Open-Drain, Digital
  51   1          // P1.7  -  Unassigned,  Open-Drain, Digital
  52   1      
  53   1          // P2.0  -  Unassigned,  Open-Drain, Digital
C51 COMPILER V9.59.0.0   INITDEVICE                                                        12/18/2018 21:40:55 PAGE 2   

  54   1          // P2.1  -  Unassigned,  Open-Drain, Digital
  55   1          // P2.2  -  Unassigned,  Open-Drain, Digital
  56   1          // P2.3  -  Unassigned,  Open-Drain, Digital
  57   1          // P2.4  -  Unassigned,  Open-Drain, Digital
  58   1          // P2.5  -  Unassigned,  Open-Drain, Digital
  59   1          // P2.6  -  Unassigned,  Open-Drain, Digital
  60   1          // P2.7  -  Unassigned,  Open-Drain, Digital
  61   1      
  62   1          // P3.0  -  Unassigned,  Open-Drain, Digital
  63   1          // P3.1  -  Unassigned,  Open-Drain, Digital
  64   1          // P3.2  -  Unassigned,  Open-Drain, Digital
  65   1          // P3.3  -  Unassigned,  Open-Drain, Digital
  66   1          // P3.4  -  Unassigned,  Open-Drain, Digital
  67   1          // P3.5  -  Unassigned,  Open-Drain, Digital
  68   1          // P3.6  -  Unassigned,  Open-Drain, Digital
  69   1          // P3.7  -  Unassigned,  Open-Drain, Digital
  70   1      
  71   1          P0MDOUT   = 0x10;
  72   1          XBR0      = 0x01;
  73   1          XBR1      = 0x40;
  74   1      }
  75          
  76          void Oscillator_Init()
  77          {
  78   1          int i = 0;
  79   1          OSCLCN    |= 0x83;
  80   1          FLSCL     = 0x90;
  81   1          CLKMUL    = 0x80;
  82   1          for (i = 0; i < 20; i++);    // Wait 5us for initialization
  83   1          CLKMUL    |= 0xC0;
  84   1          while ((CLKMUL & 0x20) == 0);
  85   1          CLKSEL    = 0x03;
  86   1          OSCICN    = 0x83;
  87   1      }
  88          
  89          // Initialization function for device,
  90          // Call Init_Device() from your main program
  91          void Init_Device(void)
  92          {
  93   1          PCA_Init();
  94   1          Timer_Init();
  95   1          UART_Init();
  96   1          Voltage_Reference_Init();
  97   1          Port_IO_Init();
  98   1          Oscillator_Init();
  99   1      }


MODULE INFORMATION:   STATIC OVERLAYABLE
   CODE SIZE        =     92    ----
   CONSTANT SIZE    =   ----    ----
   XDATA SIZE       =   ----    ----
   PDATA SIZE       =   ----    ----
   DATA SIZE        =   ----    ----
   IDATA SIZE       =   ----    ----
   BIT SIZE         =   ----    ----
END OF MODULE INFORMATION.


C51 COMPILATION COMPLETE.  0 WARNING(S),  0 ERROR(S)
