C51 COMPILER V9.59.0.0   INPCA9554                                                         12/15/2018 23:48:05 PAGE 1   


C51 COMPILER V9.59.0.0, COMPILATION OF MODULE INPCA9554
OBJECT MODULE PLACED IN .\Objects\inPca9554.obj
COMPILER INVOKED BY: C:\Keil_v5\C51\BIN\C51.EXE Driver\inPca9554.c COMPACT OPTIMIZE(8,SPEED) REGFILE(.\Objects\dwLaser_F
                    -020.ORC) BROWSE ORDER INCDIR(.\Lib;.\Driver;.\MainApp;.\Modbus) DEBUG OBJECTEXTEND PRINT(.\Listings\inPca9554.lst) OBJEC
                    -T(.\Objects\inPca9554.obj)

line level    source

   1          #include "inPca9554.h"
   2          /*****************************************************************************/
   3          #define CONFIG_PCA9554_ADDRESS                  0x20
   4          #define CONFIG_PCA9554A_ADDRESS                 0x38
   5          #define CONFIG_PCA9554_CMD_R_INPUT              0x00
   6          #define CONFIG_PCA9554_CMD_RW_OUTPUT    0x01
   7          #define CONFIG_PCA9554_CMD_RW_POLARITY  0x02
   8          #define CONFIG_PCA9554_CMD_RW_CONFIG    0x03
   9          /*****************************************************************************/
  10          void inPca9554Init(void){
  11   1              //配置输入
  12   1              iic5Start();  
  13   1              iic5SendByte((CONFIG_PCA9554_ADDRESS << 1) & 0xFE);         //发送写命令
  14   1              iic5WaitAck();
  15   1              iic5SendByte(CONFIG_PCA9554_CMD_RW_CONFIG);//发送CMD
  16   1              iic5WaitAck();
  17   1              iic5SendByte(0xFF);//config input
  18   1              iic5WaitAck();
  19   1              iic5Stop();
  20   1              //配置输入极性
  21   1              iic5Start();  
  22   1              iic5SendByte((CONFIG_PCA9554_ADDRESS << 1) & 0xFE);         //发送写命令
  23   1              iic5WaitAck();
  24   1              iic5SendByte(CONFIG_PCA9554_CMD_RW_POLARITY);//发送CMD
  25   1              iic5WaitAck();
  26   1              iic5SendByte(0x00);//config input
  27   1              iic5WaitAck();
  28   1              iic5Stop();     
  29   1      }
  30          
  31          uint8_t inPca9554Read(void){
  32   1              uint8_t temp;
  33   1              iic5Start();  
  34   1              iic5SendByte((CONFIG_PCA9554_ADDRESS << 1) & 0xFE);         //发送写命令
  35   1              iic5WaitAck();
  36   1              iic5SendByte(CONFIG_PCA9554_CMD_R_INPUT);//发送CMD
  37   1              iic5WaitAck();
  38   1              iic5Start();               
  39   1              iic5SendByte(((CONFIG_PCA9554_ADDRESS << 1) | 0x01));//进入接收模式                        
  40   1              iic5WaitAck();   
  41   1              temp = iic5ReadByte(0);//读一个字节，非应答信号信号     
  42   1              iic5WaitAck();
  43   1              iic5Stop();     
  44   1              return temp;
  45   1      }


MODULE INFORMATION:   STATIC OVERLAYABLE
   CODE SIZE        =    110    ----
   CONSTANT SIZE    =   ----    ----
   XDATA SIZE       =   ----    ----
   PDATA SIZE       =   ----       1
   DATA SIZE        =   ----    ----
C51 COMPILER V9.59.0.0   INPCA9554                                                         12/15/2018 23:48:05 PAGE 2   

   IDATA SIZE       =   ----    ----
   BIT SIZE         =   ----    ----
END OF MODULE INFORMATION.


C51 COMPILATION COMPLETE.  0 WARNING(S),  0 ERROR(S)
