C51 COMPILER V9.59.0.0   LADDER                                                            12/15/2018 23:48:06 PAGE 1   


C51 COMPILER V9.59.0.0, COMPILATION OF MODULE LADDER
OBJECT MODULE PLACED IN .\Objects\ladder.obj
COMPILER INVOKED BY: C:\Keil_v5\C51\BIN\C51.EXE MainApp\ladder.c COMPACT OPTIMIZE(8,SPEED) REGFILE(.\Objects\dwLaser_F02
                    -0.ORC) BROWSE ORDER INCDIR(.\Lib;.\Driver;.\MainApp;.\Modbus) DEBUG OBJECTEXTEND PRINT(.\Listings\ladder.lst) OBJECT(.\O
                    -bjects\ladder.obj)

line level    source

   1          #include "ladder.h"
*** WARNING C318 IN LINE 1 OF MainApp\ladder.c: can't open file 'ladder.h'
   2          
   3          
   4          void ladder(void)
   5          {
   6   1      }


MODULE INFORMATION:   STATIC OVERLAYABLE
   CODE SIZE        =      1    ----
   CONSTANT SIZE    =   ----    ----
   XDATA SIZE       =   ----    ----
   PDATA SIZE       =   ----    ----
   DATA SIZE        =   ----    ----
   IDATA SIZE       =   ----    ----
   BIT SIZE         =   ----    ----
END OF MODULE INFORMATION.


C51 COMPILATION COMPLETE.  1 WARNING(S),  0 ERROR(S)
