C51 COMPILER V9.59.0.0   OUTPCA9554                                                        12/15/2018 23:48:05 PAGE 1   


C51 COMPILER V9.59.0.0, COMPILATION OF MODULE OUTPCA9554
OBJECT MODULE PLACED IN .\Objects\outPca9554.obj
COMPILER INVOKED BY: C:\Keil_v5\C51\BIN\C51.EXE Driver\outPca9554.c COMPACT OPTIMIZE(8,SPEED) REGFILE(.\Objects\dwLaser_
                    -F020.ORC) BROWSE ORDER INCDIR(.\Lib;.\Driver;.\MainApp;.\Modbus) DEBUG OBJECTEXTEND PRINT(.\Listings\outPca9554.lst) OBJ
                    -ECT(.\Objects\outPca9554.obj)

line level    source

   1          #include "outPca9554.h"
   2          /*****************************************************************************/
   3          #define CONFIG_PCA9554_ADDRESS                  0x20
   4          #define CONFIG_PCA9554A_ADDRESS                 0x38
   5          #define CONFIG_PCA9554_CMD_R_INPUT              0x00
   6          #define CONFIG_PCA9554_CMD_RW_OUTPUT    0x01
   7          #define CONFIG_PCA9554_CMD_RW_POLARITY  0x02
   8          #define CONFIG_PCA9554_CMD_RW_CONFIG    0x03
   9          /*****************************************************************************/
  10          void outPca9554Init(void){
  11   1              //配置输入
  12   1              iic6Start();  
  13   1              iic6SendByte((CONFIG_PCA9554_ADDRESS << 1) & 0xFE);         //发送写命令
  14   1              iic6WaitAck();
  15   1              iic6SendByte(CONFIG_PCA9554_CMD_RW_CONFIG);//发送CMD
  16   1              iic6WaitAck();
  17   1              iic6SendByte(0x0);//config output
  18   1              iic6WaitAck();
  19   1              iic6Stop();
  20   1      }
  21          uint8_t outPca9554Read(void){
  22   1              uint8_t temp;
  23   1              iic6Start();  
  24   1              iic6SendByte((CONFIG_PCA9554_ADDRESS << 1) & 0xFE);         //发送写命令
  25   1              iic6WaitAck();
  26   1              iic6SendByte(CONFIG_PCA9554_CMD_RW_OUTPUT);//发送CMD
  27   1              iic6WaitAck();
  28   1              iic6Start(); 
  29   1              iic6SendByte((CONFIG_PCA9554_ADDRESS << 1) | 0x01);//进入接收模式       
  30   1              iic6WaitAck();
  31   1              temp = iic6ReadByte(0);//读一个字节，非应答信号信号      
  32   1              iic6WaitAck();
  33   1              iic6Stop();
  34   1              return 0;
  35   1      }
  36          void outPca9554Write(uint8_t wdata){
  37   1              iic6Start();  
  38   1              iic6SendByte((CONFIG_PCA9554_ADDRESS << 1) & 0xFE);         //发送写命令
  39   1              iic6WaitAck();
  40   1              iic6SendByte(CONFIG_PCA9554_CMD_RW_OUTPUT);//发送CMD
  41   1              iic6WaitAck();
  42   1              iic6SendByte(wdata);//config output
  43   1              iic6WaitAck();
  44   1              iic6Stop();
  45   1      }


MODULE INFORMATION:   STATIC OVERLAYABLE
   CODE SIZE        =    114    ----
   CONSTANT SIZE    =   ----    ----
   XDATA SIZE       =   ----    ----
   PDATA SIZE       =   ----       2
   DATA SIZE        =   ----    ----
C51 COMPILER V9.59.0.0   OUTPCA9554                                                        12/15/2018 23:48:05 PAGE 2   

   IDATA SIZE       =   ----    ----
   BIT SIZE         =   ----    ----
END OF MODULE INFORMATION.


C51 COMPILATION COMPLETE.  0 WARNING(S),  0 ERROR(S)
