C51 COMPILER V9.57.0.0   MAINAPP                                                           05/02/2018 23:32:18 PAGE 1   


C51 COMPILER V9.57.0.0, COMPILATION OF MODULE MAINAPP
OBJECT MODULE PLACED IN MainApp.OBJ
COMPILER INVOKED BY: C:\Keil_V5\C51\BIN\C51.exe MainApp.c DB OE BR INCDIR(C:\SiLabs\MCU\Inc)

line level    source

   1          #include "MainApp.h"
   2          /*****************************************************************************/
   3          //TIMER0 ->Laser Pulse
   4          //TIMER1 ->UART0/1 Buadrate
   5          //TIMER2 ->Modbus Slave TIMER
   6          //TIMER3 ->HW I2C
   7          //TIMER4 ->SoftPLC HWTIMER
   8          /*****************************************************************************/
   9          
  10          /*****************************************************************************/
  11          void main(void)
  12          {
  13   1              Init_Device();//初始化MCU
  14   1              SoftPlc_Init();
*** WARNING C206 IN LINE 14 OF MainApp.c: 'SoftPlc_Init': missing function-prototype
  15   1              //setModbusSlaveAddr(CONFIG_LOCAL_ADDRESS);//设置从机地址
  16   1              //InitModbusHardware(CONFIG_UART0_BAUDRATE);//初始化MODBUS从机串口
  17   1              /**********************************************************************/
  18   1              EA = 1;
  19   1              while(1)
  20   1              {
  21   2              }               
  22   1      }
  23          
  24          


MODULE INFORMATION:   STATIC OVERLAYABLE
   CODE SIZE        =     10    ----
   CONSTANT SIZE    =   ----    ----
   XDATA SIZE       =   ----    ----
   PDATA SIZE       =   ----    ----
   DATA SIZE        =   ----    ----
   IDATA SIZE       =   ----    ----
   BIT SIZE         =   ----    ----
END OF MODULE INFORMATION.


C51 COMPILATION COMPLETE.  1 WARNING(S),  0 ERROR(S)
