C51 COMPILER V9.57.0.0   INITCONFIG                                                        05/07/2018 22:16:18 PAGE 1   


C51 COMPILER V9.57.0.0, COMPILATION OF MODULE INITCONFIG
OBJECT MODULE PLACED IN .\Objects\InitConfig.obj
COMPILER INVOKED BY: C:\Keil_v5\C51\BIN\C51.EXE Source\MainApp\InitConfig.c LARGE OPTIMIZE(8,SPEED) BROWSE INCDIR(.\Sour
                    -ce\Lib;.\Source\Driver;.\Source\Modbus;.\Source\MainApp) DEBUG OBJECTEXTEND PRINT(.\Listings\InitConfig.lst) OBJECT(.\Ob
                    -jects\InitConfig.obj)

line level    source

   1          #include "appConfig.h"
   2          
   3          
   4          // Peripheral specific initialization functions,
   5          // Called from the Init_Device() function
   6          void Reset_Sources_Init()
   7          {
   8   1          WDTCN     = 0xDE;
   9   1          WDTCN     = 0xAD;
  10   1      //    RSTSRC    = 0x06;
  11   1      }
  12          
  13          void Timer_Init()
  14          {
  15   1      //    CKCON     = 0x30;
  16   1      //    TMOD      = 0x20;
  17   1      //    TH1       = 0xFA;
  18   1      }
  19          
  20          void UART_Init()
  21          {
  22   1          SCON0     = 0x50;
  23   1          SCON1     = 0x50;
  24   1      }
  25          
  26          void DAC_Init()
  27          {
  28   1          DAC0CN    = 0x80;
  29   1          DAC1CN    = 0x80;
  30   1      }
  31          
  32          void Voltage_Reference_Init()
  33          {
  34   1          REF0CN    = 0x07;
  35   1      }
  36          
  37          void Port_IO_Init()
  38          {
  39   1          // P0.0  -  TX0 (UART0), Push-Pull,  Digital
  40   1          // P0.1  -  RX0 (UART0), Open-Drain, Digital
  41   1          // P0.2  -  SDA (SMBus), Open-Drain, Digital
  42   1          // P0.3  -  SCL (SMBus), Open-Drain, Digital
  43   1          // P0.4  -  TX1 (UART1), Push-Pull,  Digital
  44   1          // P0.5  -  RX1 (UART1), Open-Drain, Digital
  45   1          // P0.6  -  CEX0 (PCA),  Push-Pull,  Digital
  46   1          // P0.7  -  CEX1 (PCA),  Push-Pull,  Digital
  47   1      
  48   1          // P1.0  -  CEX2 (PCA),  Push-Pull,  Digital
  49   1          // P1.1  -  CEX3 (PCA),  Push-Pull,  Digital
  50   1          // P1.2  -  Unassigned,  Open-Drain, Digital
  51   1          // P1.3  -  Unassigned,  Open-Drain, Digital
  52   1          // P1.4  -  Unassigned,  Open-Drain, Digital
  53   1          // P1.5  -  Unassigned,  Open-Drain, Digital
C51 COMPILER V9.57.0.0   INITCONFIG                                                        05/07/2018 22:16:18 PAGE 2   

  54   1          // P1.6  -  Unassigned,  Push-Pull,  Digital
  55   1          // P1.7  -  Unassigned,  Push-Pull,  Digital
  56   1      
  57   1          // P2.0  -  Unassigned,  Open-Drain, Digital
  58   1          // P2.1  -  Unassigned,  Open-Drain, Digital
  59   1          // P2.2  -  Unassigned,  Open-Drain, Digital
  60   1          // P2.3  -  Unassigned,  Push-Pull,  Digital
  61   1          // P2.4  -  Unassigned,  Open-Drain, Digital
  62   1          // P2.5  -  Unassigned,  Open-Drain, Digital
  63   1          // P2.6  -  Unassigned,  Open-Drain, Digital
  64   1          // P2.7  -  Unassigned,  Open-Drain, Digital
  65   1      
  66   1          // P3.0  -  Unassigned,  Open-Drain, Digital
  67   1          // P3.1  -  Unassigned,  Open-Drain, Digital
  68   1          // P3.2  -  Unassigned,  Open-Drain, Digital
  69   1          // P3.3  -  Unassigned,  Open-Drain, Digital
  70   1          // P3.4  -  Unassigned,  Open-Drain, Digital
  71   1          // P3.5  -  Unassigned,  Open-Drain, Digital
  72   1          // P3.6  -  Unassigned,  Open-Drain, Digital
  73   1          // P3.7  -  Unassigned,  Open-Drain, Digital
  74   1      
  75   1          P0MDOUT   = 0xD1;
  76   1          P1MDOUT   = 0xC3;
  77   1          P2MDOUT   = 0x08;
  78   1          P74OUT    = 0x33;
  79   1          XBR0      = 0x25;
  80   1          XBR2      = 0x44;
  81   1      }
  82          
  83          void Oscillator_Init()
  84          {
  85   1          int i = 0;
  86   1          OSCXCN    = 0x67;
  87   1          for (i = 0; i < 3000; i++);  // Wait 1ms for initialization
  88   1          while ((OSCXCN & 0x80) == 0);
  89   1          OSCICN    = 0x0C;
  90   1      }
  91          
  92          // Initialization function for device,
  93          // Call Init_Device() from your main program
  94          void Init_Device(void)
  95          {
  96   1          Reset_Sources_Init();
  97   1              Oscillator_Init();
  98   1          Timer_Init();
  99   1          UART_Init();
 100   1          DAC_Init();
 101   1          Voltage_Reference_Init();
 102   1          Port_IO_Init();
 103   1         
 104   1      }


MODULE INFORMATION:   STATIC OVERLAYABLE
   CODE SIZE        =     92    ----
   CONSTANT SIZE    =   ----    ----
   XDATA SIZE       =   ----    ----
   PDATA SIZE       =   ----    ----
   DATA SIZE        =   ----    ----
   IDATA SIZE       =   ----    ----
   BIT SIZE         =   ----    ----
END OF MODULE INFORMATION.

C51 COMPILER V9.57.0.0   INITCONFIG                                                        05/07/2018 22:16:18 PAGE 3   


C51 COMPILATION COMPLETE.  0 WARNING(S),  0 ERROR(S)
