C51 COMPILER V9.57.0.0   SOFTPLCPORT                                                       04/29/2018 00:02:32 PAGE 1   


C51 COMPILER V9.57.0.0, COMPILATION OF MODULE SOFTPLCPORT
OBJECT MODULE PLACED IN .\Objects\softPlcPort.obj
COMPILER INVOKED BY: C:\Keil_v5\C51\BIN\C51.EXE App\softPlcPort.c LARGE OPTIMIZE(8,SPEED) BROWSE INCDIR(.\Lib;.\uCOSII;.
                    -\Modbus;.\App) DEBUG OBJECTEXTEND PRINT(.\Listings\softPlcPort.lst) OBJECT(.\Objects\softPlcPort.obj)

line level    source

   1          #include "softPlcPort.h"
   2          
   3          void HW_SetOutput()
   4          {//设置输出端口
   5   1              
   6   1      }
   7          void HW_GetInput()
   8          {//获取输入端口
   9   1      }


MODULE INFORMATION:   STATIC OVERLAYABLE
   CODE SIZE        =      2    ----
   CONSTANT SIZE    =   ----    ----
   XDATA SIZE       =   ----    ----
   PDATA SIZE       =   ----    ----
   DATA SIZE        =   ----    ----
   IDATA SIZE       =   ----    ----
   BIT SIZE         =   ----    ----
END OF MODULE INFORMATION.


C51 COMPILATION COMPLETE.  0 WARNING(S),  0 ERROR(S)
