C51 COMPILER V9.59.0.0   DELAY                                                             12/05/2018 16:30:24 PAGE 1   


C51 COMPILER V9.59.0.0, COMPILATION OF MODULE DELAY
OBJECT MODULE PLACED IN .\Output\bootload_output\delay.obj
COMPILER INVOKED BY: C:\Keil_v5\C51\BIN\C51.EXE Lib\delay.c COMPACT OPTIMIZE(8,SPEED) BROWSE INCDIR(.\Lib;.\LibFlash;.\F
                    -lashEprom;.\Bootloader) DEFINE(C8051F340) DEBUG OBJECTEXTEND PRINT(.\Output\bootload_listing\delay.lst) OBJECT(.\Output\
                    -bootload_output\delay.obj)

line level    source

   1          #include "delay.h"
*** WARNING C318 IN LINE 4 OF Lib\delay.h: can't open file 'appConfig.h'
*** ERROR C141 IN LINE 6 OF Lib\delay.h: syntax error near 'ms', expected ')'
*** ERROR C141 IN LINE 7 OF Lib\delay.h: syntax error near 'us', expected ')'
*** ERROR C141 IN LINE 8 OF Lib\delay.h: syntax error near 'reload_h', expected ')'
*** ERROR C141 IN LINE 9 OF Lib\delay.h: syntax error near 'control', expected ')'
   2          /*****************************************************************************/
   3          
   4          /*****************************************************************************/
   5          void delayUs(uint8_t data us) reentrant
*** ERROR C141 IN LINE 5 OF Lib\delay.c: syntax error near 'data', expected ')'
   6          {//微秒延时
*** ERROR C267 IN LINE 6 OF Lib\delay.c: 'delayUs': requires ANSI-style prototype
   7   1              while(us)
*** ERROR C202 IN LINE 7 OF Lib\delay.c: 'us': undefined identifier
   8   1              {
   9   2              us --;
*** ERROR C202 IN LINE 9 OF Lib\delay.c: 'us': undefined identifier
  10   2              }
  11   1      }
  12          void delayMs(uint8_t data ms) reentrant
*** ERROR C141 IN LINE 12 OF Lib\delay.c: syntax error near 'data', expected ')'
  13          {//毫秒延时
*** ERROR C267 IN LINE 13 OF Lib\delay.c: 'delayMs': requires ANSI-style prototype
  14   1              while(ms--)
*** ERROR C202 IN LINE 14 OF Lib\delay.c: 'ms': undefined identifier
  15   1              {
  16   2                      delayUs(100);
  17   2              }
  18   1      }
  19          void hwDelayInit(uint8_t data reload_h, uint8_t data reload_l)
*** ERROR C141 IN LINE 19 OF Lib\delay.c: syntax error near 'data', expected ')'
  20          {
  21   1              TMOD &= 0x0F;
*** ERROR C202 IN LINE 21 OF Lib\delay.c: 'TMOD': undefined identifier
  22   1              TMOD |= 0x10;
*** ERROR C202 IN LINE 22 OF Lib\delay.c: 'TMOD': undefined identifier
  23   1              ET1 = 0;
*** ERROR C202 IN LINE 23 OF Lib\delay.c: 'ET1': undefined identifier
  24   1              TH1 = reload_h;
*** ERROR C202 IN LINE 24 OF Lib\delay.c: 'TH1': undefined identifier
  25   1              TL1 = reload_l;
*** ERROR C202 IN LINE 25 OF Lib\delay.c: 'TL1': undefined identifier
  26   1              TF1 = 0;
*** ERROR C202 IN LINE 26 OF Lib\delay.c: 'TF1': undefined identifier
  27   1              TR1 = 1;
*** ERROR C202 IN LINE 27 OF Lib\delay.c: 'TR1': undefined identifier
  28   1      }
  29          void hwDelay(uint8_t control, uint8_t reload_h, uint8_t reload_l)
*** ERROR C141 IN LINE 29 OF Lib\delay.c: syntax error near 'control', expected ')'
  30          {//control = 0 等待计时器完成 
  31   1              //control 1 等待计时器重新开始后完成
  32   1              if(TR1 == 1)
C51 COMPILER V9.59.0.0   DELAY                                                             12/05/2018 16:30:24 PAGE 2   

*** ERROR C202 IN LINE 32 OF Lib\delay.c: 'TR1': undefined identifier
  33   1              {
  34   2                      while(TF1 == 0);
*** ERROR C202 IN LINE 34 OF Lib\delay.c: 'TF1': undefined identifier
  35   2              }
  36   1              TR1 = 0;
*** ERROR C202 IN LINE 36 OF Lib\delay.c: 'TR1': undefined identifier
  37   1              if(control == 1)
*** ERROR C202 IN LINE 37 OF Lib\delay.c: 'control': undefined identifier
  38   1              {
  39   2                      TH1 = reload_h;
*** ERROR C202 IN LINE 39 OF Lib\delay.c: 'TH1': undefined identifier
  40   2                      TL1 = reload_l;
*** ERROR C202 IN LINE 40 OF Lib\delay.c: 'TL1': undefined identifier
  41   2                      TF1 = 0;
*** ERROR C202 IN LINE 41 OF Lib\delay.c: 'TF1': undefined identifier
  42   2                      TR1 = 1;
*** ERROR C202 IN LINE 42 OF Lib\delay.c: 'TR1': undefined identifier
  43   2              }
  44   1      }

C51 COMPILATION COMPLETE.  1 WARNING(S),  28 ERROR(S)
